<?xml version="1.0" encoding="UTF-8"?>
<coverage generated="1774454060550" clover="3.2.0">
  <project timestamp="1774454060550" name="All files">
    <metrics statements="59" coveredstatements="58" conditionals="18" coveredconditionals="13" methods="9" coveredmethods="9" elements="86" coveredelements="80" complexity="0" loc="59" ncloc="59" packages="1" files="2" classes="2"/>
    <file name="api.ts" path="/Users/zhangwuxian/Code/meme-finder/src/lib/api.ts">
      <metrics statements="29" coveredstatements="28" conditionals="15" coveredconditionals="11" methods="5" coveredmethods="5"/>
      <line num="1" count="2" type="stmt"/>
      <line num="11" count="5" type="stmt"/>
      <line num="21" count="5" type="stmt"/>
      <line num="32" count="11" type="stmt"/>
      <line num="35" count="11" type="stmt"/>
      <line num="36" count="9" type="cond" truecount="1" falsecount="0"/>
      <line num="37" count="2" type="stmt"/>
      <line num="40" count="7" type="stmt"/>
      <line num="41" count="7" type="cond" truecount="1" falsecount="1"/>
      <line num="46" count="7" type="stmt"/>
      <line num="49" count="7" type="stmt"/>
      <line num="50" count="6" type="cond" truecount="1" falsecount="0"/>
      <line num="51" count="1" type="stmt"/>
      <line num="54" count="5" type="stmt"/>
      <line num="55" count="5" type="cond" truecount="1" falsecount="1"/>
      <line num="69" count="2" type="stmt"/>
      <line num="75" count="14" type="cond" truecount="1" falsecount="0"/>
      <line num="77" count="12" type="stmt"/>
      <line num="80" count="12" type="cond" truecount="1" falsecount="0"/>
      <line num="81" count="11" type="stmt"/>
      <line num="82" count="11" type="stmt"/>
      <line num="83" count="7" type="cond" truecount="1" falsecount="0"/>
      <line num="85" count="4" type="stmt"/>
      <line num="90" count="7" type="cond" truecount="1" falsecount="0"/>
      <line num="91" count="7" type="stmt"/>
      <line num="92" count="7" type="stmt"/>
      <line num="93" count="5" type="cond" truecount="1" falsecount="0"/>
      <line num="95" count="2" type="stmt"/>
      <line num="99" count="0" type="stmt"/>
    </file>
    <file name="clipboard.ts" path="/Users/zhangwuxian/Code/meme-finder/src/lib/clipboard.ts">
      <metrics statements="30" coveredstatements="30" conditionals="3" coveredconditionals="2" methods="4" coveredmethods="4"/>
      <line num="1" count="2" type="stmt"/>
      <line num="2" count="2" type="stmt"/>
      <line num="3" count="2" type="stmt"/>
      <line num="5" count="2" type="stmt"/>
      <line num="7" count="2" type="stmt"/>
      <line num="10" count="7" type="stmt"/>
      <line num="11" count="7" type="cond" truecount="1" falsecount="1"/>
      <line num="18" count="2" type="stmt"/>
      <line num="20" count="12" type="stmt"/>
      <line num="21" count="12" type="stmt"/>
      <line num="23" count="2" type="stmt"/>
      <line num="26" count="10" type="cond" truecount="1" falsecount="0"/>
      <line num="27" count="3" type="stmt"/>
      <line num="30" count="7" type="stmt"/>
      <line num="31" count="7" type="stmt"/>
      <line num="32" count="7" type="stmt"/>
      <line num="34" count="7" type="stmt"/>
      <line num="35" count="7" type="stmt"/>
      <line num="37" count="1" type="stmt"/>
      <line num="40" count="6" type="stmt"/>
      <line num="49" count="2" type="stmt"/>
      <line num="50" count="4" type="stmt"/>
      <line num="52" count="3" type="stmt"/>
      <line num="53" count="3" type="stmt"/>
      <line num="55" count="1" type="stmt"/>
      <line num="65" count="2" type="stmt"/>
      <line num="66" count="2" type="stmt"/>
      <line num="68" count="2" type="stmt"/>
      <line num="69" count="2" type="stmt"/>
      <line num="71" count="1" type="stmt"/>
    </file>
  </project>
</coverage>
