{"/Users/zhangwuxian/Code/meme-finder/src/lib/api.ts": {"path":"/Users/zhangwuxian/Code/meme-finder/src/lib/api.ts","statementMap":{"0":{"start":{"line":69,"column":0},"end":{"line":69,"column":7}},"1":{"start":{"line":1,"column":0},"end":{"line":1,"column":null}},"2":{"start":{"line":11,"column":2},"end":{"line":17,"column":4}},"3":{"start":{"line":21,"column":2},"end":{"line":27,"column":4}},"4":{"start":{"line":32,"column":4},"end":{"line":33,"column":87}},"5":{"start":{"line":35,"column":19},"end":{"line":35,"column":35}},"6":{"start":{"line":36,"column":2},"end":{"line":38,"column":3}},"7":{"start":{"line":37,"column":4},"end":{"line":37,"column":63}},"8":{"start":{"line":40,"column":16},"end":{"line":40,"column":37}},"9":{"start":{"line":41,"column":2},"end":{"line":41,"column":42}},"10":{"start":{"line":46,"column":4},"end":{"line":47,"column":107}},"11":{"start":{"line":49,"column":19},"end":{"line":49,"column":35}},"12":{"start":{"line":50,"column":2},"end":{"line":52,"column":3}},"13":{"start":{"line":51,"column":4},"end":{"line":51,"column":63}},"14":{"start":{"line":54,"column":16},"end":{"line":54,"column":37}},"15":{"start":{"line":55,"column":2},"end":{"line":55,"column":42}},"16":{"start":{"line":75,"column":2},"end":{"line":75,"column":37}},"17":{"start":{"line":75,"column":27},"end":{"line":75,"column":37}},"18":{"start":{"line":77,"column":23},"end":{"line":77,"column":55}},"19":{"start":{"line":80,"column":2},"end":{"line":87,"column":3}},"20":{"start":{"line":81,"column":4},"end":{"line":86,"column":5}},"21":{"start":{"line":82,"column":22},"end":{"line":82,"column":73}},"22":{"start":{"line":83,"column":6},"end":{"line":83,"column":45}},"23":{"start":{"line":83,"column":30},"end":{"line":83,"column":45}},"24":{"start":{"line":85,"column":6},"end":{"line":85,"column":71}},"25":{"start":{"line":90,"column":2},"end":{"line":97,"column":3}},"26":{"start":{"line":91,"column":4},"end":{"line":96,"column":5}},"27":{"start":{"line":92,"column":22},"end":{"line":92,"column":73}},"28":{"start":{"line":93,"column":6},"end":{"line":93,"column":45}},"29":{"start":{"line":93,"column":30},"end":{"line":93,"column":45}},"30":{"start":{"line":95,"column":6},"end":{"line":95,"column":94}},"31":{"start":{"line":99,"column":2},"end":{"line":99,"column":96}}},"fnMap":{"0":{"name":"fromKlipy","decl":{"start":{"line":10,"column":9},"end":{"line":10,"column":18}},"loc":{"start":{"line":10,"column":34},"end":{"line":18,"column":1}}},"1":{"name":"fromGiphy","decl":{"start":{"line":20,"column":9},"end":{"line":20,"column":18}},"loc":{"start":{"line":20,"column":34},"end":{"line":28,"column":1}}},"2":{"name":"searchKlipy","decl":{"start":{"line":30,"column":15},"end":{"line":30,"column":26}},"loc":{"start":{"line":30,"column":71},"end":{"line":42,"column":1}}},"3":{"name":"searchGiphy","decl":{"start":{"line":44,"column":15},"end":{"line":44,"column":26}},"loc":{"start":{"line":44,"column":71},"end":{"line":56,"column":1}}},"4":{"name":"searchMemes","decl":{"start":{"line":69,"column":22},"end":{"line":69,"column":33}},"loc":{"start":{"line":73,"column":21},"end":{"line":100,"column":1}}}},"branchMap":{"0":{"loc":{"start":{"line":13,"column":11},"end":{"line":13,"column":27}},"type":"binary-expr","locations":[{"start":{"line":13,"column":11},"end":{"line":13,"column":21}},{"start":{"line":13,"column":25},"end":{"line":13,"column":27}}]},"1":{"loc":{"start":{"line":23,"column":11},"end":{"line":23,"column":27}},"type":"binary-expr","locations":[{"start":{"line":23,"column":11},"end":{"line":23,"column":21}},{"start":{"line":23,"column":25},"end":{"line":23,"column":27}}]},"2":{"loc":{"start":{"line":36,"column":2},"end":{"line":38,"column":3}},"type":"if","locations":[{"start":{"line":36,"column":2},"end":{"line":38,"column":3}}]},"3":{"loc":{"start":{"line":41,"column":10},"end":{"line":41,"column":25}},"type":"binary-expr","locations":[{"start":{"line":41,"column":10},"end":{"line":41,"column":19}},{"start":{"line":41,"column":23},"end":{"line":41,"column":25}}]},"4":{"loc":{"start":{"line":50,"column":2},"end":{"line":52,"column":3}},"type":"if","locations":[{"start":{"line":50,"column":2},"end":{"line":52,"column":3}}]},"5":{"loc":{"start":{"line":55,"column":10},"end":{"line":55,"column":25}},"type":"binary-expr","locations":[{"start":{"line":55,"column":10},"end":{"line":55,"column":19}},{"start":{"line":55,"column":23},"end":{"line":55,"column":25}}]},"6":{"loc":{"start":{"line":75,"column":2},"end":{"line":75,"column":37}},"type":"if","locations":[{"start":{"line":75,"column":2},"end":{"line":75,"column":37}}]},"7":{"loc":{"start":{"line":80,"column":2},"end":{"line":87,"column":3}},"type":"if","locations":[{"start":{"line":80,"column":2},"end":{"line":87,"column":3}}]},"8":{"loc":{"start":{"line":83,"column":6},"end":{"line":83,"column":45}},"type":"if","locations":[{"start":{"line":83,"column":6},"end":{"line":83,"column":45}}]},"9":{"loc":{"start":{"line":90,"column":2},"end":{"line":97,"column":3}},"type":"if","locations":[{"start":{"line":90,"column":2},"end":{"line":97,"column":3}}]},"10":{"loc":{"start":{"line":93,"column":6},"end":{"line":93,"column":45}},"type":"if","locations":[{"start":{"line":93,"column":6},"end":{"line":93,"column":45}}]}},"s":{"0":2,"1":2,"2":5,"3":5,"4":11,"5":11,"6":9,"7":2,"8":7,"9":7,"10":7,"11":7,"12":6,"13":1,"14":5,"15":5,"16":14,"17":2,"18":12,"19":12,"20":11,"21":11,"22":7,"23":5,"24":4,"25":7,"26":7,"27":7,"28":5,"29":5,"30":2,"31":0},"f":{"0":5,"1":5,"2":11,"3":7,"4":14},"b":{"0":[5,0],"1":[5,0],"2":[2],"3":[7,0],"4":[1],"5":[5,0],"6":[2],"7":[11],"8":[5],"9":[7],"10":[5]}}
,"/Users/zhangwuxian/Code/meme-finder/src/lib/clipboard.ts": {"path":"/Users/zhangwuxian/Code/meme-finder/src/lib/clipboard.ts","statementMap":{"0":{"start":{"line":18,"column":0},"end":{"line":18,"column":7}},"1":{"start":{"line":49,"column":0},"end":{"line":49,"column":7}},"2":{"start":{"line":65,"column":0},"end":{"line":65,"column":7}},"3":{"start":{"line":1,"column":0},"end":{"line":1,"column":25}},"4":{"start":{"line":2,"column":0},"end":{"line":2,"column":25}},"5":{"start":{"line":3,"column":0},"end":{"line":3,"column":29}},"6":{"start":{"line":5,"column":0},"end":{"line":5,"column":41}},"7":{"start":{"line":7,"column":0},"end":{"line":7,"column":42}},"8":{"start":{"line":10,"column":16},"end":{"line":10,"column":51}},"9":{"start":{"line":11,"column":2},"end":{"line":11,"column":48}},"10":{"start":{"line":20,"column":2},"end":{"line":24,"column":3}},"11":{"start":{"line":21,"column":4},"end":{"line":21,"column":32}},"12":{"start":{"line":23,"column":4},"end":{"line":23,"column":82}},"13":{"start":{"line":26,"column":2},"end":{"line":28,"column":3}},"14":{"start":{"line":27,"column":4},"end":{"line":27,"column":98}},"15":{"start":{"line":30,"column":17},"end":{"line":30,"column":58}},"16":{"start":{"line":31,"column":14},"end":{"line":31,"column":35}},"17":{"start":{"line":32,"column":18},"end":{"line":32,"column":69}},"18":{"start":{"line":34,"column":2},"end":{"line":38,"column":3}},"19":{"start":{"line":35,"column":4},"end":{"line":35,"column":38}},"20":{"start":{"line":37,"column":4},"end":{"line":37,"column":72}},"21":{"start":{"line":40,"column":2},"end":{"line":40,"column":17}},"22":{"start":{"line":50,"column":18},"end":{"line":50,"column":43}},"23":{"start":{"line":52,"column":2},"end":{"line":56,"column":3}},"24":{"start":{"line":53,"column":4},"end":{"line":53,"column":44}},"25":{"start":{"line":55,"column":4},"end":{"line":55,"column":70}},"26":{"start":{"line":66,"column":18},"end":{"line":66,"column":43}},"27":{"start":{"line":68,"column":2},"end":{"line":72,"column":3}},"28":{"start":{"line":69,"column":4},"end":{"line":69,"column":45}},"29":{"start":{"line":71,"column":4},"end":{"line":71,"column":58}}},"fnMap":{"0":{"name":"extensionFromUrl","decl":{"start":{"line":9,"column":9},"end":{"line":9,"column":25}},"loc":{"start":{"line":9,"column":37},"end":{"line":12,"column":1}}},"1":{"name":"downloadToTemp","decl":{"start":{"line":18,"column":22},"end":{"line":18,"column":36}},"loc":{"start":{"line":18,"column":48},"end":{"line":41,"column":1}}},"2":{"name":"copyImageToClipboard","decl":{"start":{"line":49,"column":22},"end":{"line":49,"column":42}},"loc":{"start":{"line":49,"column":54},"end":{"line":57,"column":1}}},"3":{"name":"pasteImageDirectly","decl":{"start":{"line":65,"column":22},"end":{"line":65,"column":40}},"loc":{"start":{"line":65,"column":52},"end":{"line":73,"column":1}}}},"branchMap":{"0":{"loc":{"start":{"line":11,"column":9},"end":{"line":11,"column":47}},"type":"cond-expr","locations":[{"start":{"line":11,"column":17},"end":{"line":11,"column":39}},{"start":{"line":11,"column":42},"end":{"line":11,"column":47}}]},"1":{"loc":{"start":{"line":26,"column":2},"end":{"line":28,"column":3}},"type":"if","locations":[{"start":{"line":26,"column":2},"end":{"line":28,"column":3}}]}},"s":{"0":2,"1":2,"2":2,"3":2,"4":2,"5":2,"6":2,"7":2,"8":7,"9":7,"10":12,"11":12,"12":2,"13":10,"14":3,"15":7,"16":7,"17":7,"18":7,"19":7,"20":1,"21":6,"22":4,"23":3,"24":3,"25":1,"26":2,"27":2,"28":2,"29":1},"f":{"0":7,"1":12,"2":4,"3":2},"b":{"0":[7,0],"1":[3]}}
}
