TN:
SF:src/lib/api.ts
FN:10,fromKlipy
FN:20,fromGiphy
FN:30,searchKlipy
FN:44,searchGiphy
FN:69,searchMemes
FNF:5
FNH:5
FNDA:5,fromKlipy
FNDA:5,fromGiphy
FNDA:11,searchKlipy
FNDA:7,searchGiphy
FNDA:14,searchMemes
DA:1,2
DA:11,5
DA:21,5
DA:32,11
DA:35,11
DA:36,9
DA:37,2
DA:40,7
DA:41,7
DA:46,7
DA:49,7
DA:50,6
DA:51,1
DA:54,5
DA:55,5
DA:69,2
DA:75,14
DA:77,12
DA:80,12
DA:81,11
DA:82,11
DA:83,7
DA:85,4
DA:90,7
DA:91,7
DA:92,7
DA:93,5
DA:95,2
DA:99,0
LF:29
LH:28
BRDA:13,0,0,5
BRDA:13,0,1,0
BRDA:23,1,0,5
BRDA:23,1,1,0
BRDA:36,2,0,2
BRDA:41,3,0,7
BRDA:41,3,1,0
BRDA:50,4,0,1
BRDA:55,5,0,5
BRDA:55,5,1,0
BRDA:75,6,0,2
BRDA:80,7,0,11
BRDA:83,8,0,5
BRDA:90,9,0,7
BRDA:93,10,0,5
BRF:15
BRH:11
end_of_record
TN:
SF:src/lib/clipboard.ts
FN:9,extensionFromUrl
FN:18,downloadToTemp
FN:49,copyImageToClipboard
FN:65,pasteImageDirectly
FNF:4
FNH:4
FNDA:7,extensionFromUrl
FNDA:12,downloadToTemp
FNDA:4,copyImageToClipboard
FNDA:2,pasteImageDirectly
DA:1,2
DA:2,2
DA:3,2
DA:5,2
DA:7,2
DA:10,7
DA:11,7
DA:18,2
DA:20,12
DA:21,12
DA:23,2
DA:26,10
DA:27,3
DA:30,7
DA:31,7
DA:32,7
DA:34,7
DA:35,7
DA:37,1
DA:40,6
DA:49,2
DA:50,4
DA:52,3
DA:53,3
DA:55,1
DA:65,2
DA:66,2
DA:68,2
DA:69,2
DA:71,1
LF:30
LH:30
BRDA:11,0,0,7
BRDA:11,0,1,0
BRDA:26,1,0,3
BRF:3
BRH:2
end_of_record
